[2026-02-21 16:33:28] RECEIVED from=alice to=bob file=test.txt size=15 path=storage\bob\test.txt
[2026-02-21 16:33:28] FORWARDED from=alice to=bob file=test.txt size=15
[2026-02-21 16:34:29] RECEIVED from=bob to=alice file=test.txt size=15 path=storage\alice\test.txt
[2026-02-21 16:34:29] FORWARDED from=bob to=alice file=test.txt size=15
[2026-02-21 16:35:29] RECEIVED from=bob to=alvce file=new.txt size=24 path=storage\alvce\new.txt
[2026-02-21 16:47:59] RECEIVED from=alice to=bob file=new.txt size=24 path=storage\bob\new.txt
[2026-02-21 16:47:59] FORWARDED from=alice to=bob file=new.txt size=24
[2026-02-21 17:13:33] RECEIVED from=alice to=bob file=sonnet18.txt size=651 path=storage\bob\sonnet18.txt
[2026-02-21 17:13:33] FORWARDED from=alice to=bob file=sonnet18.txt size=651
[2026-02-21 17:32:12] RECEIVED from=alice to=bob file=dummy.pdf size=13264 path=storage\bob\dummy.pdf
[2026-02-21 17:32:12] FORWARDED from=alice to=bob file=dummy.pdf size=13264
[2026-02-21 20:45:39] RECEIVED from=bob to=alice file=dummy.pdf size=13264 path=storage\alice\dummy.pdf
[2026-02-21 20:54:35] RECEIVED from=bob to=alice file=sonnet18.txt size=651 path=storage\alice\sonnet18.txt
[2026-02-21 21:17:37] RECEIVED from=bob to=alice file=transfer_test.txt size=20 path=storage\alice\transfer_test.txt
[2026-02-21 21:17:37] FORWARDED from=bob to=alice file=transfer_test.txt size=20
[2026-02-21 21:24:27] DELIVERED and DELETED file=sonnet18.txt user=bob
[2026-02-21 22:11:27] RECEIVED from=bob to=alice file=dummy.pdf size=13264 path=storage\alice\dummy.pdf
[2026-02-21 22:11:59] DELIVERED and DELETED file=dummy.pdf user=alice
[2026-02-21 22:14:07] RECEIVED from=alice to=bob file=11mb.pdf size=11441499 path=storage\bob\11mb.pdf
[2026-02-21 22:14:07] FORWARDED from=alice to=bob file=11mb.pdf size=11441499
[2026-02-21 22:14:43] RECEIVED from=bob to=alice file=11mb.pdf size=11441499 path=storage\alice\11mb.pdf
[2026-02-21 22:14:43] FORWARDED from=bob to=alice file=11mb.pdf size=11441499
[2026-02-21 22:22:05] RECEIVED from=bob to=alice file=11mb.pdf size=11441499 path=storage\alice\11mb.pdf
[2026-02-21 22:23:09] RECEIVED from=bob to=alice file=dummy.pdf size=13264 path=storage\alice\dummy.pdf
[2026-02-21 22:24:09] RECEIVED from=bob to=alice file=sonnet18.txt size=651 path=storage\alice\sonnet18.txt
[2026-02-21 22:27:03] RECEIVED from=bob to=alice file=test_large.bin size=20971520 path=storage\alice\test_large.bin
[2026-02-21 23:06:06] RECEIVED from=bob to=alice file=dummy.pdf size=13264 path=storage\alice\dummy.pdf
[2026-02-21 23:07:32] RECEIVED from=alice to=bob file=test_large.bin size=20971520 path=storage\bob\test_large.bin
[2026-02-21 23:07:32] FORWARDED from=alice to=bob file=test_large.bin size=20971520
[2026-02-21 23:09:45] DELIVERED and DELETED file=new.txt user=bob
[2026-02-25 12:27:52] RECEIVED from=Tanmoy to=Tobi file=dummy.pdf size=13264 path=storage\Tobi\dummy.pdf
[2026-02-25 12:27:52] FORWARDED from=Tanmoy to=Tobi file=dummy.pdf size=13264
[2026-02-25 13:08:07] RECEIVED from=Tanmoy to=Tobi file=bc62132553294c8d9414b64b2f452f88_fastapi-1.png size=274434 path=storage\Tobi\bc62132553294c8d9414b64b2f452f88_fastapi-1.png
[2026-02-25 13:27:47] RECEIVED from=Tobi to=Tanmoy file=0839542898a3428d87eb342d839d8ed6_monthly_cost_pie_chart_yellow_bold.png size=35618 path=storage\Tanmoy\0839542898a3428d87eb342d839d8ed6_monthly_cost_pie_chart_yellow_bold.png
[2026-02-25 13:27:47] FORWARDED from=Tobi to=Tanmoy file=0839542898a3428d87eb342d839d8ed6_monthly_cost_pie_chart_yellow_bold.png size=35618
[2026-02-25 13:28:34] RECEIVED from=Tobi to=Tanmoy file=0a07af93c8bc4b288d0a721e562d3859_monthly_cost_pie_chart.png size=39072 path=storage\Tanmoy\0a07af93c8bc4b288d0a721e562d3859_monthly_cost_pie_chart.png
[2026-02-25 13:28:58] RECEIVED from=Tobi to=Tanmoy file=fe18679930f64c7283b0d2335843490c_Lecture-2.pdf size=259984 path=storage\Tanmoy\fe18679930f64c7283b0d2335843490c_Lecture-2.pdf
[2026-02-25 13:29:31] RECEIVED from=Tobi to=Tanmoy file=ccf1f06984654cfca52897c40e4cf237_Lecture-4.pdf size=348395 path=storage\Tanmoy\ccf1f06984654cfca52897c40e4cf237_Lecture-4.pdf
[2026-02-25 13:29:34] RECEIVED from=Tanmoy to=Tobi file=f8739e73570e4dc998b740a27eede3fa_fastapi-1.png size=274434 path=storage\Tobi\f8739e73570e4dc998b740a27eede3fa_fastapi-1.png
[2026-02-25 13:30:09] RECEIVED from=Tobi to=Tanmoy file=8f0662ef739144e08052ec0bfe942b26_monthly_cost_pie_chart_yellow_bold.png size=35618 path=storage\Tanmoy\8f0662ef739144e08052ec0bfe942b26_monthly_cost_pie_chart_yellow_bold.png
[2026-02-25 13:31:35] RECEIVED from=Tanmoy to=Tobi file=e23b8308eeaf424fa1c4e5270837969f_pngegg.png size=4319 path=storage\Tobi\e23b8308eeaf424fa1c4e5270837969f_pngegg.png
[2026-02-25 13:32:05] RECEIVED from=Tobi to=Tanmoy file=3a5d5fd45cb94e8e9f67b83c046d7df7_monthly_cost_pie_chart.png size=39072 path=storage\Tanmoy\3a5d5fd45cb94e8e9f67b83c046d7df7_monthly_cost_pie_chart.png
[2026-02-25 13:34:53] DELIVERED and DELETED file=bc62132553294c8d9414b64b2f452f88_fastapi-1.png user=Tobi
[2026-02-25 13:35:55] DELIVERED and DELETED file=0a07af93c8bc4b288d0a721e562d3859_monthly_cost_pie_chart.png user=Tanmoy
